This file contains any messages produced by compilers while
running configure, to aid debugging if configure makes a mistake.

It was created by cluster configure 1.30, which was
generated by GNU Autoconf 2.59.  Invocation command line was

  $ ./configure --without-x

## --------- ##
## Platform. ##
## --------- ##

hostname = ARAKISD72
uname -m = i686
uname -r = 1.5.18(0.132/4/2)
uname -s = CYGWIN_NT-5.1
uname -v = 2005-07-02 20:30

/usr/bin/uname -p = unknown
/bin/uname -X     = unknown

/bin/arch              = unknown
/usr/bin/arch -k       = unknown
/usr/convex/getsysinfo = unknown
hostinfo               = unknown
/bin/machine           = unknown
/usr/bin/oslevel       = unknown
/bin/universe          = unknown

PATH: /usr/local/bin
PATH: /usr/bin
PATH: /bin
PATH: /usr/X11R6/bin
PATH: /cygdrive/c/WINDOWS/system32
PATH: /cygdrive/c/WINDOWS
PATH: /cygdrive/c/WINDOWS/System32/Wbem
PATH: /cygdrive/c/Program Files/SSH Communications Security/SSH Secure Shell


## ----------- ##
## Core tests. ##
## ----------- ##

configure:1359: checking for a BSD-compatible install
configure:1414: result: /usr/bin/install -c
configure:1425: checking whether build environment is sane
configure:1468: result: yes
configure:1533: checking for gawk
configure:1549: found /usr/bin/gawk
configure:1559: result: gawk
configure:1569: checking whether make sets $(MAKE)
configure:1589: result: yes
configure:1807: checking for gcc
configure:1823: found /usr/bin/gcc
configure:1833: result: gcc
configure:2077: checking for C compiler version
configure:2080: gcc --version </dev/null >&5
gcc (GCC) 3.4.4 (cygming special) (gdc 0.12, using dmd 0.125)
Copyright (C) 2004 Free Software Foundation, Inc.
This is free software; see the source for copying conditions.  There is NO
warranty; not even for MERCHANTABILITY or FITNESS FOR A PARTICULAR PURPOSE.

configure:2083: $? = 0
configure:2085: gcc -v </dev/null >&5
Reading specs from /usr/lib/gcc/i686-pc-cygwin/3.4.4/specs
Configured with: /gcc/gcc-3.4.4/gcc-3.4.4-1/configure --verbose --prefix=/usr --exec-prefix=/usr --sysconfdir=/etc --libdir=/usr/lib --libexecdir=/usr/lib --mandir=/usr/share/man --infodir=/usr/share/info --enable-languages=c,ada,c++,d,f77,java,objc --enable-nls --without-included-gettext --enable-version-specific-runtime-libs --without-x --enable-libgcj --disable-java-awt --with-system-zlib --enable-interpreter --disable-libgcj-debug --enable-threads=posix --enable-java-gc=boehm --disable-win32-registry --enable-sjlj-exceptions --enable-hash-synchronization --enable-libstdcxx-debug : (reconfigured) 
Thread model: posix
gcc version 3.4.4 (cygming special) (gdc 0.12, using dmd 0.125)
configure:2088: $? = 0
configure:2090: gcc -V </dev/null >&5
gcc: `-V' option must have argument
configure:2093: $? = 1
configure:2116: checking for C compiler default output file name
configure:2119: gcc    conftest.c  >&5
configure:2122: $? = 0
configure:2168: result: a.exe
configure:2173: checking whether the C compiler works
configure:2179: ./a.exe
configure:2182: $? = 0
configure:2199: result: yes
configure:2206: checking whether we are cross compiling
configure:2208: result: no
configure:2211: checking for suffix of executables
configure:2213: gcc -o conftest.exe    conftest.c  >&5
configure:2216: $? = 0
configure:2241: result: .exe
configure:2247: checking for suffix of object files
configure:2268: gcc -c   conftest.c >&5
configure:2271: $? = 0
configure:2293: result: o
configure:2297: checking whether we are using the GNU C compiler
configure:2321: gcc -c   conftest.c >&5
configure:2327: $? = 0
configure:2331: test -z 
			 || test ! -s conftest.err
configure:2334: $? = 0
configure:2337: test -s conftest.o
configure:2340: $? = 0
configure:2353: result: yes
configure:2359: checking whether gcc accepts -g
configure:2380: gcc -c -g  conftest.c >&5
configure:2386: $? = 0
configure:2390: test -z 
			 || test ! -s conftest.err
configure:2393: $? = 0
configure:2396: test -s conftest.o
configure:2399: $? = 0
configure:2410: result: yes
configure:2427: checking for gcc option to accept ANSI C
configure:2497: gcc  -c -g -O2  conftest.c >&5
configure:2503: $? = 0
configure:2507: test -z 
			 || test ! -s conftest.err
configure:2510: $? = 0
configure:2513: test -s conftest.o
configure:2516: $? = 0
configure:2534: result: none needed
configure:2552: gcc -c -g -O2  conftest.c >&5
conftest.c:2: error: parse error before "me"
configure:2558: $? = 1
configure: failed program was:
| #ifndef __cplusplus
|   choke me
| #endif
configure:2702: checking for style of include used by make
configure:2730: result: GNU
configure:2758: checking dependency style of gcc
configure:2848: result: gcc3
configure:2873: checking how to run the C preprocessor
configure:2908: gcc -E  conftest.c
configure:2914: $? = 0
configure:2946: gcc -E  conftest.c
conftest.c:11:28: ac_nonexistent.h: No such file or directory
configure:2952: $? = 1
configure: failed program was:
| /* confdefs.h.  */
| 
| #define PACKAGE_NAME "cluster"
| #define PACKAGE_TARNAME "cluster"
| #define PACKAGE_VERSION "1.30"
| #define PACKAGE_STRING "cluster 1.30"
| #define PACKAGE_BUGREPORT ""
| #define PACKAGE "cluster"
| #define VERSION "1.30"
| /* end confdefs.h.  */
| #include <ac_nonexistent.h>
configure:2991: result: gcc -E
configure:3015: gcc -E  conftest.c
configure:3021: $? = 0
configure:3053: gcc -E  conftest.c
conftest.c:11:28: ac_nonexistent.h: No such file or directory
configure:3059: $? = 1
configure: failed program was:
| /* confdefs.h.  */
| 
| #define PACKAGE_NAME "cluster"
| #define PACKAGE_TARNAME "cluster"
| #define PACKAGE_VERSION "1.30"
| #define PACKAGE_STRING "cluster 1.30"
| #define PACKAGE_BUGREPORT ""
| #define PACKAGE "cluster"
| #define VERSION "1.30"
| /* end confdefs.h.  */
| #include <ac_nonexistent.h>
configure:3103: checking for egrep
configure:3113: result: grep -E
configure:3118: checking for ANSI C header files
configure:3143: gcc -c -g -O2  conftest.c >&5
configure:3149: $? = 0
configure:3153: test -z 
			 || test ! -s conftest.err
configure:3156: $? = 0
configure:3159: test -s conftest.o
configure:3162: $? = 0
configure:3251: gcc -o conftest.exe -g -O2   conftest.c  >&5
configure:3254: $? = 0
configure:3256: ./conftest.exe
configure:3259: $? = 0
configure:3274: result: yes
configure:3298: checking for sys/types.h
configure:3314: gcc -c -g -O2  conftest.c >&5
configure:3320: $? = 0
configure:3324: test -z 
			 || test ! -s conftest.err
configure:3327: $? = 0
configure:3330: test -s conftest.o
configure:3333: $? = 0
configure:3344: result: yes
configure:3298: checking for sys/stat.h
configure:3314: gcc -c -g -O2  conftest.c >&5
configure:3320: $? = 0
configure:3324: test -z 
			 || test ! -s conftest.err
configure:3327: $? = 0
configure:3330: test -s conftest.o
configure:3333: $? = 0
configure:3344: result: yes
configure:3298: checking for stdlib.h
configure:3314: gcc -c -g -O2  conftest.c >&5
configure:3320: $? = 0
configure:3324: test -z 
			 || test ! -s conftest.err
configure:3327: $? = 0
configure:3330: test -s conftest.o
configure:3333: $? = 0
configure:3344: result: yes
configure:3298: checking for string.h
configure:3314: gcc -c -g -O2  conftest.c >&5
configure:3320: $? = 0
configure:3324: test -z 
			 || test ! -s conftest.err
configure:3327: $? = 0
configure:3330: test -s conftest.o
configure:3333: $? = 0
configure:3344: result: yes
configure:3298: checking for memory.h
configure:3314: gcc -c -g -O2  conftest.c >&5
configure:3320: $? = 0
configure:3324: test -z 
			 || test ! -s conftest.err
configure:3327: $? = 0
configure:3330: test -s conftest.o
configure:3333: $? = 0
configure:3344: result: yes
configure:3298: checking for strings.h
configure:3314: gcc -c -g -O2  conftest.c >&5
configure:3320: $? = 0
configure:3324: test -z 
			 || test ! -s conftest.err
configure:3327: $? = 0
configure:3330: test -s conftest.o
configure:3333: $? = 0
configure:3344: result: yes
configure:3298: checking for inttypes.h
configure:3314: gcc -c -g -O2  conftest.c >&5
configure:3320: $? = 0
configure:3324: test -z 
			 || test ! -s conftest.err
configure:3327: $? = 0
configure:3330: test -s conftest.o
configure:3333: $? = 0
configure:3344: result: yes
configure:3298: checking for stdint.h
configure:3314: gcc -c -g -O2  conftest.c >&5
configure:3320: $? = 0
configure:3324: test -z 
			 || test ! -s conftest.err
configure:3327: $? = 0
configure:3330: test -s conftest.o
configure:3333: $? = 0
configure:3344: result: yes
configure:3298: checking for unistd.h
configure:3314: gcc -c -g -O2  conftest.c >&5
configure:3320: $? = 0
configure:3324: test -z 
			 || test ! -s conftest.err
configure:3327: $? = 0
configure:3330: test -s conftest.o
configure:3333: $? = 0
configure:3344: result: yes
configure:3366: checking float.h usability
configure:3378: gcc -c -g -O2  conftest.c >&5
configure:3384: $? = 0
configure:3388: test -z 
			 || test ! -s conftest.err
configure:3391: $? = 0
configure:3394: test -s conftest.o
configure:3397: $? = 0
configure:3407: result: yes
configure:3411: checking float.h presence
configure:3421: gcc -E  conftest.c
configure:3427: $? = 0
configure:3447: result: yes
configure:3482: checking for float.h
configure:3489: result: yes
configure:3505: checking math.h usability
configure:3517: gcc -c -g -O2  conftest.c >&5
configure:3523: $? = 0
configure:3527: test -z 
			 || test ! -s conftest.err
configure:3530: $? = 0
configure:3533: test -s conftest.o
configure:3536: $? = 0
configure:3546: result: yes
configure:3550: checking math.h presence
configure:3560: gcc -E  conftest.c
configure:3566: $? = 0
configure:3586: result: yes
configure:3621: checking for math.h
configure:3628: result: yes
configure:3644: checking stdio.h usability
configure:3656: gcc -c -g -O2  conftest.c >&5
configure:3662: $? = 0
configure:3666: test -z 
			 || test ! -s conftest.err
configure:3669: $? = 0
configure:3672: test -s conftest.o
configure:3675: $? = 0
configure:3685: result: yes
configure:3689: checking stdio.h presence
configure:3699: gcc -E  conftest.c
configure:3705: $? = 0
configure:3725: result: yes
configure:3760: checking for stdio.h
configure:3767: result: yes
configure:3774: checking for stdlib.h
configure:3779: result: yes
configure:3913: checking for string.h
configure:3918: result: yes
configure:4061: checking time.h usability
configure:4073: gcc -c -g -O2  conftest.c >&5
configure:4079: $? = 0
configure:4083: test -z 
			 || test ! -s conftest.err
configure:4086: $? = 0
configure:4089: test -s conftest.o
configure:4092: $? = 0
configure:4102: result: yes
configure:4106: checking time.h presence
configure:4116: gcc -E  conftest.c
configure:4122: $? = 0
configure:4142: result: yes
configure:4177: checking for time.h
configure:4184: result: yes
configure:4192: checking for an ANSI C-conforming const
configure:4259: gcc -c -g -O2  conftest.c >&5
configure:4265: $? = 0
configure:4269: test -z 
			 || test ! -s conftest.err
configure:4272: $? = 0
configure:4275: test -s conftest.o
configure:4278: $? = 0
configure:4289: result: yes
configure:4299: checking for size_t
configure:4323: gcc -c -g -O2  conftest.c >&5
configure:4329: $? = 0
configure:4333: test -z 
			 || test ! -s conftest.err
configure:4336: $? = 0
configure:4339: test -s conftest.o
configure:4342: $? = 0
configure:4353: result: yes
configure:4372: checking for stdlib.h
configure:4377: result: yes
configure:4517: checking for GNU libc compatible malloc
configure:4546: gcc -o conftest.exe -g -O2   conftest.c  >&5
configure:4549: $? = 0
configure:4551: ./conftest.exe
configure:4554: $? = 0
configure:4568: result: yes
configure:4599: checking for sqrt in -lm
configure:4629: gcc -o conftest.exe -g -O2   conftest.c -lm   >&5
conftest.c:30: warning: conflicting types for built-in function 'sqrt'
configure:4635: $? = 0
configure:4639: test -z 
			 || test ! -s conftest.err
configure:4642: $? = 0
configure:4645: test -s conftest.exe
configure:4648: $? = 0
configure:4661: result: yes
configure:4673: checking for pow in -lm
configure:4703: gcc -o conftest.exe -g -O2   conftest.c -lm  -lm  >&5
conftest.c:31: warning: conflicting types for built-in function 'pow'
configure:4709: $? = 0
configure:4713: test -z 
			 || test ! -s conftest.err
configure:4716: $? = 0
configure:4719: test -s conftest.exe
configure:4722: $? = 0
configure:4735: result: yes
configure:4749: Building command-line version of Cluster 3.0
configure:6300: creating ./config.status

## ---------------------- ##
## Running config.status. ##
## ---------------------- ##

This file was extended by cluster config.status 1.30, which was
generated by GNU Autoconf 2.59.  Invocation command line was

  CONFIG_FILES    = 
  CONFIG_HEADERS  = 
  CONFIG_LINKS    = 
  CONFIG_COMMANDS = 
  $ ./config.status 

on ARAKISD72

config.status:697: creating src/Makefile
config.status:697: creating Makefile
config.status:801: creating config.h
config.status:1093: executing depfiles commands

## ---------------- ##
## Cache variables. ##
## ---------------- ##

ac_cv_c_compiler_gnu=yes
ac_cv_c_const=yes
ac_cv_env_CC_set=
ac_cv_env_CC_value=
ac_cv_env_CFLAGS_set=
ac_cv_env_CFLAGS_value=
ac_cv_env_CPPFLAGS_set=
ac_cv_env_CPPFLAGS_value=
ac_cv_env_CPP_set=
ac_cv_env_CPP_value=
ac_cv_env_LDFLAGS_set=
ac_cv_env_LDFLAGS_value=
ac_cv_env_build_alias_set=
ac_cv_env_build_alias_value=
ac_cv_env_host_alias_set=
ac_cv_env_host_alias_value=
ac_cv_env_target_alias_set=
ac_cv_env_target_alias_value=
ac_cv_exeext=.exe
ac_cv_func_malloc_0_nonnull=yes
ac_cv_header_float_h=yes
ac_cv_header_inttypes_h=yes
ac_cv_header_math_h=yes
ac_cv_header_memory_h=yes
ac_cv_header_stdc=yes
ac_cv_header_stdint_h=yes
ac_cv_header_stdio_h=yes
ac_cv_header_stdlib_h=yes
ac_cv_header_string_h=yes
ac_cv_header_strings_h=yes
ac_cv_header_sys_stat_h=yes
ac_cv_header_sys_types_h=yes
ac_cv_header_time_h=yes
ac_cv_header_unistd_h=yes
ac_cv_lib_m_pow=yes
ac_cv_lib_m_sqrt=yes
ac_cv_objext=o
ac_cv_path_install='/usr/bin/install -c'
ac_cv_prog_AWK=gawk
ac_cv_prog_CPP='gcc -E'
ac_cv_prog_ac_ct_CC=gcc
ac_cv_prog_cc_g=yes
ac_cv_prog_cc_stdc=
ac_cv_prog_egrep='grep -E'
ac_cv_prog_make_make_set=yes
ac_cv_type_size_t=yes
am_cv_CC_dependencies_compiler_type=gcc3

## ----------------- ##
## Output variables. ##
## ----------------- ##

ACLOCAL='${SHELL} /home/MIKE/SCRIPTS/CLUSTER/cluster-1.30/missing --run aclocal-1.9'
AMDEPBACKSLASH='\'
AMDEP_FALSE='#'
AMDEP_TRUE=''
AMTAR='${SHELL} /home/MIKE/SCRIPTS/CLUSTER/cluster-1.30/missing --run tar'
AUTOCONF='${SHELL} /home/MIKE/SCRIPTS/CLUSTER/cluster-1.30/missing --run autoconf'
AUTOHEADER='${SHELL} /home/MIKE/SCRIPTS/CLUSTER/cluster-1.30/missing --run autoheader'
AUTOMAKE='${SHELL} /home/MIKE/SCRIPTS/CLUSTER/cluster-1.30/missing --run automake-1.9'
AWK='gawk'
CC='gcc'
CCDEPMODE='depmode=gcc3'
CFLAGS='-g -O2'
CPP='gcc -E'
CPPFLAGS=''
CYGPATH_W='cygpath -w'
DEFS='-DHAVE_CONFIG_H'
DEPDIR='.deps'
ECHO_C=''
ECHO_N='-n'
ECHO_T=''
EGREP='grep -E'
EXEEXT='.exe'
INSTALL_DATA='${INSTALL} -m 644'
INSTALL_PROGRAM='${INSTALL}'
INSTALL_SCRIPT='${INSTALL}'
INSTALL_STRIP_PROGRAM='${SHELL} $(install_sh) -c -s'
LDFLAGS=''
LIBOBJS=''
LIBS='-lm -lm '
LTLIBOBJS=''
MAKEINFO='${SHELL} /home/MIKE/SCRIPTS/CLUSTER/cluster-1.30/missing --run makeinfo'
MOTIF_FALSE=''
MOTIF_TRUE='#'
OBJEXT='o'
PACKAGE='cluster'
PACKAGE_BUGREPORT=''
PACKAGE_NAME='cluster'
PACKAGE_STRING='cluster 1.30'
PACKAGE_TARNAME='cluster'
PACKAGE_VERSION='1.30'
PATH_SEPARATOR=':'
SET_MAKE=''
SHELL='/bin/sh'
STRIP=''
VERSION='1.30'
X_CFLAGS=''
X_EXTRA_LIBS=''
X_LIBS=''
X_PRE_LIBS=''
ac_ct_CC='gcc'
ac_ct_STRIP=''
am__fastdepCC_FALSE='#'
am__fastdepCC_TRUE=''
am__include='include'
am__leading_dot='.'
am__quote=''
am__tar='${AMTAR} chof - "$$tardir"'
am__untar='${AMTAR} xf -'
bindir='${exec_prefix}/bin'
build_alias=''
datadir='${prefix}/share'
exec_prefix='${prefix}'
host_alias=''
includedir='${prefix}/include'
infodir='${prefix}/info'
install_sh='/home/MIKE/SCRIPTS/CLUSTER/cluster-1.30/install-sh'
libdir='${exec_prefix}/lib'
libexecdir='${exec_prefix}/libexec'
localstatedir='${prefix}/var'
mandir='${prefix}/man'
mkdir_p='mkdir -p --'
oldincludedir='/usr/include'
prefix='/usr/local'
program_transform_name='s,x,x,'
sbindir='${exec_prefix}/sbin'
sharedstatedir='${prefix}/com'
sysconfdir='${prefix}/etc'
target_alias=''

## ----------- ##
## confdefs.h. ##
## ----------- ##

#define HAVE_INTTYPES_H 1
#define HAVE_LIBM 1
#define HAVE_LIBM 1
#define HAVE_MALLOC 1
#define HAVE_MEMORY_H 1
#define HAVE_STDINT_H 1
#define HAVE_STDLIB_H 1
#define HAVE_STDLIB_H 1
#define HAVE_STRINGS_H 1
#define HAVE_STRING_H 1
#define HAVE_SYS_STAT_H 1
#define HAVE_SYS_TYPES_H 1
#define HAVE_UNISTD_H 1
#define PACKAGE "cluster"
#define PACKAGE_BUGREPORT ""
#define PACKAGE_NAME "cluster"
#define PACKAGE_STRING "cluster 1.30"
#define PACKAGE_TARNAME "cluster"
#define PACKAGE_VERSION "1.30"
#define STDC_HEADERS 1
#define VERSION "1.30"

configure: exit 0
